[INFO] Scanning for projects...
[INFO] 
[INFO] ------------------------< com.iwr.pdv:backend >-------------------------
[INFO] Building iwr-pdv-backend 0.0.1-SNAPSHOT
[INFO]   from pom.xml
[INFO] --------------------------------[ jar ]---------------------------------
[INFO] 
[INFO] >>> spring-boot:4.0.5:run (default-cli) > test-compile @ backend >>>
[INFO] 
[INFO] --- resources:3.3.1:resources (default-resources) @ backend ---
[INFO] Copying 1 resource from src\main\resources to target\classes
[INFO] Copying 16 resources from src\main\resources to target\classes
[INFO] 
[INFO] --- compiler:3.14.1:compile (default-compile) @ backend ---
[INFO] Nothing to compile - all classes are up to date.
[INFO] 
[INFO] --- resources:3.3.1:testResources (default-testResources) @ backend ---
[INFO] Copying 2 resources from src\test\resources to target\test-classes
[INFO] 
[INFO] --- compiler:3.14.1:testCompile (default-testCompile) @ backend ---
[INFO] Nothing to compile - all classes are up to date.
[INFO] 
[INFO] <<< spring-boot:4.0.5:run (default-cli) < test-compile @ backend <<<
[INFO] 
[INFO] 
[INFO] --- spring-boot:4.0.5:run (default-cli) @ backend ---
[INFO] Attaching agents: []

  .   ____          _            __ _ _
 /\\ / ___'_ __ _ _(_)_ __  __ _ \ \ \ \
( ( )\___ | '_ | '_| | '_ \/ _` | \ \ \ \
 \\/  ___)| |_)| | | | | || (_| |  ) ) ) )
  '  |____| .__|_| |_|_| |_\__, | / / / /
 =========|_|==============|___/=/_/_/_/

 :: Spring Boot ::                (v4.0.5)

2026-05-17T18:22:01.926-03:00  INFO 13960 --- [iwr-pdv-backend] [           main] com.iwr.pdv.BackendApplication           : Starting BackendApplication using Java 22.0.2 with PID 13960 (C:\Users\wayst\OneDrive\Desktop\Projetos\iwr-pdv\backend\target\classes started by wayst in C:\Users\wayst\OneDrive\Desktop\Projetos\iwr-pdv\backend)
2026-05-17T18:22:01.954-03:00  INFO 13960 --- [iwr-pdv-backend] [           main] com.iwr.pdv.BackendApplication           : No active profile set, falling back to 1 default profile: "default"
2026-05-17T18:22:26.640-03:00  INFO 13960 --- [iwr-pdv-backend] [           main] .s.d.r.c.RepositoryConfigurationDelegate : Bootstrapping Spring Data JPA repositories in DEFAULT mode.
2026-05-17T18:22:28.761-03:00  INFO 13960 --- [iwr-pdv-backend] [           main] .s.d.r.c.RepositoryConfigurationDelegate : Finished Spring Data repository scanning in 2042 ms. Found 14 JPA repository interfaces.
2026-05-17T18:22:38.346-03:00  INFO 13960 --- [iwr-pdv-backend] [           main] o.s.boot.tomcat.TomcatWebServer          : Tomcat initialized with port 8080 (http)
2026-05-17T18:22:38.514-03:00  INFO 13960 --- [iwr-pdv-backend] [           main] o.apache.catalina.core.StandardService   : Starting service [Tomcat]
2026-05-17T18:22:38.558-03:00  INFO 13960 --- [iwr-pdv-backend] [           main] o.apache.catalina.core.StandardEngine    : Starting Servlet engine: [Apache Tomcat/11.0.20]
2026-05-17T18:22:39.278-03:00  INFO 13960 --- [iwr-pdv-backend] [           main] b.w.c.s.WebApplicationContextInitializer : Root WebApplicationContext: initialization completed in 36462 ms
2026-05-17T18:22:43.010-03:00  INFO 13960 --- [iwr-pdv-backend] [           main] com.zaxxer.hikari.HikariDataSource       : HikariPool-1 - Starting...
2026-05-17T18:22:46.992-03:00  INFO 13960 --- [iwr-pdv-backend] [           main] com.zaxxer.hikari.pool.HikariPool        : HikariPool-1 - Added connection org.postgresql.jdbc.PgConnection@269c7104
2026-05-17T18:22:47.000-03:00  INFO 13960 --- [iwr-pdv-backend] [           main] com.zaxxer.hikari.HikariDataSource       : HikariPool-1 - Start completed.
2026-05-17T18:22:47.428-03:00  INFO 13960 --- [iwr-pdv-backend] [           main] org.flywaydb.core.FlywayExecutor         : Database: jdbc:postgresql://localhost:5432/iwr_pdv (PostgreSQL 16.13)
2026-05-17T18:22:51.356-03:00  INFO 13960 --- [iwr-pdv-backend] [           main] o.f.core.internal.command.DbValidate     : Successfully validated 16 migrations (execution time 00:01.278s)
2026-05-17T18:22:53.497-03:00  INFO 13960 --- [iwr-pdv-backend] [           main] o.f.core.internal.command.DbMigrate      : Current version of schema "public": 16
2026-05-17T18:22:53.655-03:00  INFO 13960 --- [iwr-pdv-backend] [           main] o.f.core.internal.command.DbMigrate      : Schema "public" is up to date. No migration necessary.
2026-05-17T18:22:55.836-03:00  INFO 13960 --- [iwr-pdv-backend] [           main] org.hibernate.orm.jpa                    : HHH008540: Processing PersistenceUnitInfo [name: default]
2026-05-17T18:22:56.498-03:00  INFO 13960 --- [iwr-pdv-backend] [           main] org.hibernate.orm.core                   : HHH000001: Hibernate ORM core version 7.2.7.Final
2026-05-17T18:23:03.667-03:00  INFO 13960 --- [iwr-pdv-backend] [           main] o.s.o.j.p.SpringPersistenceUnitInfo      : No LoadTimeWeaver setup: ignoring JPA class transformer
2026-05-17T18:23:07.070-03:00  INFO 13960 --- [iwr-pdv-backend] [           main] org.hibernate.orm.connections.pooling    : HHH10001005: Database info:
	Database JDBC URL [jdbc:postgresql://localhost:5432/iwr_pdv]
	Database driver: PostgreSQL JDBC Driver
	Database dialect: PostgreSQLDialect
	Database version: 16.13
	Default catalog/schema: iwr_pdv/public
	Autocommit mode: undefined/unknown
	Isolation level: READ_COMMITTED [default READ_COMMITTED]
	JDBC fetch size: none
	Pool: DataSourceConnectionProvider
	Minimum pool size: undefined/unknown
	Maximum pool size: undefined/unknown
2026-05-17T18:23:32.787-03:00  INFO 13960 --- [iwr-pdv-backend] [           main] org.hibernate.orm.core                   : HHH000489: No JTA platform available (set 'hibernate.transaction.jta.platform' to enable JTA platform integration)
2026-05-17T18:23:34.909-03:00  INFO 13960 --- [iwr-pdv-backend] [           main] j.LocalContainerEntityManagerFactoryBean : Initialized JPA EntityManagerFactory for persistence unit 'default'
2026-05-17T18:23:35.410-03:00  INFO 13960 --- [iwr-pdv-backend] [           main] o.s.d.j.r.query.QueryEnhancerFactories   : Hibernate is in classpath; If applicable, HQL parser will be used.
2026-05-17T18:24:31.412-03:00  INFO 13960 --- [iwr-pdv-backend] [           main] o.s.b.a.e.web.EndpointLinksResolver      : Exposing 2 endpoints beneath base path '/actuator'
2026-05-17T18:24:32.134-03:00  WARN 13960 --- [iwr-pdv-backend] [           main] ConfigServletWebServerApplicationContext : Exception encountered during context initialization - cancelling refresh attempt: org.springframework.context.ApplicationContextException: Failed to start bean 'webServerStartStop'
2026-05-17T18:24:32.162-03:00  INFO 13960 --- [iwr-pdv-backend] [           main] j.LocalContainerEntityManagerFactoryBean : Closing JPA EntityManagerFactory for persistence unit 'default'
2026-05-17T18:24:32.178-03:00  INFO 13960 --- [iwr-pdv-backend] [           main] com.zaxxer.hikari.HikariDataSource       : HikariPool-1 - Shutdown initiated...
2026-05-17T18:24:32.547-03:00  INFO 13960 --- [iwr-pdv-backend] [           main] com.zaxxer.hikari.HikariDataSource       : HikariPool-1 - Shutdown completed.
2026-05-17T18:24:32.750-03:00  INFO 13960 --- [iwr-pdv-backend] [           main] .s.b.a.l.ConditionEvaluationReportLogger : 

Error starting ApplicationContext. To display the condition evaluation report re-run your application with 'debug' enabled.
2026-05-17T18:24:32.937-03:00 ERROR 13960 --- [iwr-pdv-backend] [           main] o.s.b.d.LoggingFailureAnalysisReporter   : 

***************************
APPLICATION FAILED TO START
***************************

Description:

Web server failed to start. Port 8080 was already in use.

Action:

Identify and stop the process that's listening on port 8080 or configure this application to listen on another port.

[INFO] ------------------------------------------------------------------------
[INFO] BUILD FAILURE
[INFO] ------------------------------------------------------------------------
[INFO] Total time:  04:18 min
[INFO] Finished at: 2026-05-17T18:24:34-03:00
[INFO] ------------------------------------------------------------------------
[ERROR] Failed to execute goal org.springframework.boot:spring-boot-maven-plugin:4.0.5:run (default-cli) on project backend: Process terminated with exit code: 1 -> [Help 1]
[ERROR] 
[ERROR] To see the full stack trace of the errors, re-run Maven with the -e switch.
[ERROR] Re-run Maven using the -X switch to enable full debug logging.
[ERROR] 
[ERROR] For more information about the errors and possible solutions, please read the following articles:
[ERROR] [Help 1] http://cwiki.apache.org/confluence/display/MAVEN/MojoExecutionException
