[2m16:38:52[22m [31m[1m[vite][22m[39m [31m[2m(client)[22m[39m [31m[Unhandled error] [1mTypeError[22m: Cannot read properties of undefined (reading 'forEach')
[39m > src/pages/AdminDashboardPage.tsx:176:29
    174 |    const receivableDayTotals = useMemo(() => {
    175 |      const totals = new Map<string, { count: number; amount: number }>()
    176 |      receivables.calendarDays.forEach((day) => {
        |                               ^
    177 |        totals.set(day.date, { count: day.count, amount: day.amount })
    178 |      })
 > updateMemo node_modules/react-dom/cjs/react-dom-client.development.js:8795:18
 > Object.useMemo node_modules/react-dom/cjs/react-dom-client.development.js:26484:17
 > exports.useMemo node_modules/react/cjs/react.development.js:1251:33
 > AdminDashboardPage src/pages/AdminDashboardPage.tsx:174:30
 > Object.react_stack_bottom_frame node_modules/react-dom/cjs/react-dom-client.development.js:25904:19
 > renderWithHooks node_modules/react-dom/cjs/react-dom-client.development.js:7662:21
 > updateFunctionComponent node_modules/react-dom/cjs/react-dom-client.development.js:10166:18
 > beginWork node_modules/react-dom/cjs/react-dom-client.development.js:11778:17
 > runWithFiberInDEV node_modules/react-dom/cjs/react-dom-client.development.js:871:29

[2m16:38:52[22m [33m[1m[vite][22m[39m [33m[2m(client)[22m[39m [2m[console.warn] [22mAn error occurred in the <AdminDashboardPage> component.

Consider adding an error boundary to your tree to customize error handling behavior.
Visit https://react.dev/link/error-boundaries to learn more about error boundaries.

